<project xmlns="http://maven.apache.org/POM/4.0.0"
         xmlns:xsi="http://www.w3.org/2001/XMLSchema-instance"
         xsi:schemaLocation="http://maven.apache.org/POM/4.0.0 http://maven.apache.org/maven-v4_0_0.xsd ">
  <modelVersion>4.0.0</modelVersion>
  <groupId>sample.group</groupId>
  <artifactId>sample</artifactId>
  <packaging>jar</packaging>
  <name>Mock POM</name>
  <description>Description for mock POM</description>
  <version>1.0-SNAPSHOT</version>
  <inceptionYear>2007</inceptionYear>

  <modules>
    <module>module1</module>
    <module>module2</module>
    <module>module3</module>
  </modules>

  <distributionManagement>
    <repository>
      <id>server.release</id>
      <name>Server</name>
      <url>file:/data/repository/release</url>
    </repository>
    <snapshotRepository>
      <id>server.release</id>
      <name>Server</name>
      <url>file:/data/repository/snapshot</url>
    </snapshotRepository>
  </distributionManagement>

  <issueManagement>
    <system>Jira</system>
    <url>http://www.jetbrains.net/jira/secure/IssueNavigator.jspa</url>
  </issueManagement>
  <ciManagement>
    <system>continuum</system>
    <url>${sample.continuum.url}</url>
    <notifiers>
      <notifier>
        <type>mail</type>
        <sendOnSuccess>true</sendOnSuccess>
        <sendOnFailure>true</sendOnFailure>
        <sendOnError>true</sendOnError>
        <sendOnWarning>true</sendOnWarning>
        <configuration>
          <address>ralf@quebbemann.de</address>
        </configuration>
      </notifier>
    </notifiers>
  </ciManagement>

  <developers>
    <developer>
      <name>Dave Loper 1</name>
      <id>daloper1</id>
      <email>daloper1@jetbrains.com</email>
      <timezone>1</timezone>
      <roles>
        <role>Developer</role>
      </roles>
    </developer>
    <developer>
      <name>Dave Loper 2</name>
      <id>daloper2</id>
      <email>daloper2@jetbrains.com</email>
      <timezone>1</timezone>
      <roles>
        <role>Developer</role>
      </roles>
    </developer>
    <developer>
      <name>Dave Loper 3</name>
      <id>daloper3</id>
      <email>daloper1@jetbrains.com</email>
      <timezone>1</timezone>
      <roles>
        <role>Developer</role>
      </roles>
    </developer>
  </developers>
  <licenses>
    <license>
      <name>Apache License</name>
      <url>license.txt</url>
      <distribution>repo</distribution>
    </license>
    <license>
      <name>GPL License</name>
      <url>gpl.txt</url>
      <distribution>repo</distribution>
    </license>
  </licenses>
  <build>
    <extensions>
      <extension>
        <groupId>org.apache.maven.wagon</groupId>
        <artifactId>wagon-webdav</artifactId>
        <version>1.0-beta-2</version>
      </extension>
    </extensions>
    <resources>
      <resource>
        <filtering>true</filtering>
        <directory>${basedir}/src/main/resources</directory>
        <includes>
          <include>**/*.xml</include>
        </includes>
      </resource>
      <resource>
        <filtering>false</filtering>
        <directory>${basedir}/src/main/resources</directory>
        <includes>
          <include>images/*.*</include>
          <include>**/*.properties</include>
        </includes>
      </resource>
    </resources>
    <plugins>
      <plugin>
        <groupId>org.codehaus.mojo</groupId>
        <artifactId>ideauidesigner-maven-plugin</artifactId>
        <version>1.0-beta-1-SNAPSHOT-IDEA7</version>
        <executions>
          <execution>
            <goals>
              <goal>javac2</goal>
            </goals>
          </execution>
        </executions>
        <configuration>
          <fork>true</fork>
          <debug>true</debug>
          <failOnError>true</failOnError>
        </configuration>
      </plugin>
      <plugin>
        <groupId>org.apache.maven.plugins</groupId>
        <artifactId>maven-compiler-plugin</artifactId>
        <version>2.0.2</version>
        <configuration>
          <showDeprecation>true</showDeprecation>
          <compilerVersion>1.5</compilerVersion>
          <source>1.5</source>
          <target>1.5</target>
        </configuration>
      </plugin>
      <plugin>
        <artifactId>maven-assembly-plugin</artifactId>
        <version>2.1</version>
        <configuration>
          <descriptors>
            <descriptor>${basedir}/src/main/assembly/assembly-zip-descriptor.xml
            </descriptor>
          </descriptors>
          <finalName>${pom.artifactId}-${pom.version}</finalName>
        </configuration>
        <inherited>false</inherited>
      </plugin>
      <plugin>
        <groupId>org.apache.maven.plugins</groupId>
        <artifactId>maven-surefire-plugin</artifactId>
        <version>2.3</version>
      </plugin>
    </plugins>
  </build>
  <repositories>
    <repository>
      <id>repo1</id>
      <name>Repository1</name>
      <url>http://www.repository1/m2</url>
    </repository>
    <repository>
      <id>repo2</id>
      <name>Repository2</name>
      <url>http://www.repository2/m2</url>
      <releases>
        <updatePolicy>never</updatePolicy>
      </releases>
    </repository>
  </repositories>
  <pluginRepositories>
    <pluginRepository>
      <id>repo1</id>
      <name>Repository1</name>
      <url>http://www.repository1/m2</url>
    </pluginRepository>
    <pluginRepository>
      <id>repo2</id>
      <name>Repository2</name>
      <url>http://www.repository2/m2</url>
      <releases>
        <updatePolicy>never</updatePolicy>
      </releases>
    </pluginRepository>
  </pluginRepositories>
  <dependencies>
    <dependency>
      <groupId>log4j</groupId>
      <artifactId>log4j</artifactId>
      <version>1.2.13</version>
      <scope>provided</scope>
    </dependency>
    <dependency>
      <groupId>jdom</groupId>
      <artifactId>jdom</artifactId>
      <version>1.0</version>
      <scope>provided</scope>
    </dependency>
    <dependency>
      <groupId>com.intellij.idea</groupId>
      <artifactId>forms_rt</artifactId>
      <version>7.0</version>
      <scope>provided</scope>
      <classifier>6981</classifier>
    </dependency>
    <dependency>
      <groupId>com.intellij.idea</groupId>
      <artifactId>openapi</artifactId>
      <version>7.0</version>
      <scope>provided</scope>
      <classifier>6981</classifier>
    </dependency>
    <dependency>
      <groupId>com.intellij.idea</groupId>
      <artifactId>idea</artifactId>
      <version>7.0</version>
      <scope>provided</scope>
      <classifier>6981</classifier>
    </dependency>
    <dependency>
      <groupId>com.intellij.idea</groupId>
      <artifactId>annotations</artifactId>
      <version>7.0</version>
      <scope>provided</scope>
      <classifier>6981</classifier>
    </dependency>
    <dependency>
      <groupId>com.intellij.idea</groupId>
      <artifactId>extensions</artifactId>
      <version>7.0</version>
      <scope>provided</scope>
      <classifier>6981</classifier>
    </dependency>
    <dependency>
      <groupId>commons-lang</groupId>
      <artifactId>commons-lang</artifactId>
      <version>2.3</version>
      <type>jar</type>
    </dependency>
  </dependencies>
  <reporting>
    <plugins>
      <plugin>
        <groupId>org.apache.maven.plugins</groupId>
        <artifactId>maven-surefire-report-plugin</artifactId>
        <version>2.3</version>
      </plugin>
      <plugin>
        <groupId>org.codehaus.mojo</groupId>
        <artifactId>cobertura-maven-plugin</artifactId>
        <version>2.0</version>
      </plugin>
      <plugin>
        <groupId>org.apache.maven.plugins</groupId>
        <artifactId>maven-site-plugin</artifactId>
        <version>2.0-beta-5</version>
        <configuration>
          <locales>en</locales>
          <outputEncoding>UTF-8</outputEncoding>
          <addModules>true</addModules>
        </configuration>
      </plugin>
      <plugin>
        <groupId>org.apache.maven.plugins</groupId>
        <artifactId>maven-javadoc-plugin</artifactId>
        <version>2.2</version>
        <configuration>
          <excludePackageNames>org.codehaus.mevenide.idea.config.*:org.apache.maven
          </excludePackageNames>
          <links>
            <link>http://java.sun.com/j2se/1.5.0/docs/api</link>
            <link>http://java.sun.com/j2ee/1.4/docs/api</link>
            <link>http://java.sun.com/javaee/javaserverfaces/1.1_01/docs/api</link>
            <link>http://jakarta.apache.org/commons/collections/apidocs-COLLECTIONS_3_0/</link>
            <link>http://jakarta.apache.org/commons/fileupload/apidocs/</link>
            <link>http://jakarta.apache.org/commons/logging/apidocs/</link>
            <link>http://www.junit.org/junit/javadoc/</link>
            <link>http://logging.apache.org/log4j/docs/api/</link>
          </links>
        </configuration>
      </plugin>
      <plugin>
        <groupId>org.apache.maven.plugins</groupId>
        <artifactId>maven-project-info-reports-plugin</artifactId>
        <version>2.0.1</version>
        <reportSets>
          <reportSet>
            <reports>
              <report>license</report>
              <report>dependencies</report>
              <report>project-team</report>
              <report>mailing-list</report>
              <report>cim</report>
              <report>issue-tracking</report>
              <report>scm</report>
              <report>index</report>
            </reports>
          </reportSet>
        </reportSets>
      </plugin>
      <plugin>
        <groupId>org.apache.maven.plugins</groupId>
        <artifactId>maven-jxr-plugin</artifactId>
        <version>2.1</version>
      </plugin>
      <plugin>
        <groupId>org.codehaus.mojo</groupId>
        <artifactId>taglist-maven-plugin</artifactId>
        <version>2.0</version>
        <configuration>
          <tags>
            <tag>TODO</tag>
            <tag>Todo</tag>
            <tag>todo</tag>
            <tag>@todo</tag>
            <tag>FIXME</tag>
            <tag>Fixme</tag>
            <tag>fixme</tag>
            <tag>@fixme</tag>
          </tags>
        </configuration>
      </plugin>
      <plugin>
        <groupId>org.codehaus.mojo</groupId>
        <artifactId>jdepend-maven-plugin</artifactId>
        <version>2.0-beta-1</version>
      </plugin>
      <plugin>
        <groupId>org.apache.maven.plugins</groupId>
        <artifactId>maven-changelog-plugin</artifactId>
        <version>2.0</version>
        <reportSets>
          <reportSet>
            <id>dual-report</id>
            <configuration>
              <type>range</type>
              <range>60</range>
            </configuration>
            <reports>
              <report>changelog</report>
              <report>file-activity</report>
              <report>dev-activity</report>
            </reports>
          </reportSet>
        </reportSets>
      </plugin>
      <plugin>
        <groupId>org.apache.maven.plugins</groupId>
        <artifactId>maven-pmd-plugin</artifactId>
        <version>2.2</version>
        <configuration>
          <targetJdk>1.5</targetJdk>
        </configuration>
      </plugin>
    </plugins>
  </reporting>
  <profiles>
    <profile>
      <id>profile-dev</id>
      <distributionManagement>
        <site>
          <id>dev-project</id>
          <name>Sample project Dev</name>
          <url>${sample.dist.url}</url>
        </site>
      </distributionManagement>
    </profile>
    <profile>
      <id>profile-ci</id>
      <pluginRepositories>
        <pluginRepository>
          <id>tlc</id>
          <name>TLC Repository</name>
          <url>http://commons.ucalgary.ca/pub/m2</url>
        </pluginRepository>
      </pluginRepositories>
      <distributionManagement>
        <site>
          <id>ci-project</id>
          <name>Sample project SI</name>
          <url>${sample.dist.url}</url>
        </site>
      </distributionManagement>
      <build>
        <plugins>
          <plugin>
            <groupId>plugin.group</groupId>
            <artifactId>plugin-artefact</artifactId>
            <version>1.0</version>
            <executions>
              <execution>
                <phase>validate</phase>
                <goals>
                  <goal>create</goal>
                </goals>
              </execution>
            </executions>
            <configuration>
              <prop1>aaa</prop1>
              <prop2>bbb</prop2>
              <items>
                <item>item1</item>
                <item>item2</item>
              </items>
            </configuration>
          </plugin>
          <plugin>
            <artifactId>maven-assembly-plugin</artifactId>
            <version>2.1</version>
            <configuration>
              <descriptors>
                <descriptor>${basedir}/src/main/assembly/descriptor.xml
                </descriptor>
              </descriptors>
              <finalName>${pom.artifactId}</finalName>
            </configuration>
            <inherited>false</inherited>
          </plugin>
        </plugins>
      </build>
    </profile>
  </profiles>
</project>
