<?xml version="1.0" encoding="UTF-8"?>
<beans xmlns="http://www.springframework.org/schema/beans"
       xmlns:xsi="http://www.w3.org/2001/XMLSchema-instance"
       xsi:schemaLocation="http://www.springframework.org/schema/beans http://www.springframework.org/schema/beans/spring-beans-2.0.xsd">

  <description>Custom description for this Spring file</description>

  <import resource="imported.xml"/>

  <bean id="dataSource" class="org.apache.commons.dbcp.BasicDataSource" destroy-method="close">
    <property name="driverClassName" value="${jdbc.driverClassName}"/>
    <property name="url" value="${jdbc.url}"/>
    <property name="username" value="${jdbc.username}"/>
    <property name="password" value="${jdbc.password}"/>
    <property name="maxActive" value="30"/>
    <property name="maxIdle" value="10"/>
    <property name="maxWait" value="1000"/>
    <property name="defaultAutoCommit" value="true"/>
  </bean>

  <bean id="sessionFactory" class="org.springframework.orm.hibernate3.LocalSessionFactoryBean">
    <property name="dataSource" ref="dataSource"/>
    <property name="mappingResources">
      <list>
        <value>model/User.hbm.xml</value>
      </list>
    </property>
    <property name="hibernateProperties">
      <props>
        <prop key="hibernate.dialect">org.hibernate.dialect.PostgreSQLDialect</prop>
        <prop key="hibernate.hbm2ddl.auto">update</prop>
      </props>
    </property>
  </bean>

  <bean id="transactionManager"
        class="org.springframework.orm.hibernate3.HibernateTransactionManager">
    <property name="sessionFactory" ref="sessionFactory"/>
  </bean>

  <bean id="userDao" class="org.appfuse.dao.hibernate.UserDaoHibernate">
    <property name="sessionFactory" ref="sessionFactory"/>
  </bean>

  <bean id="test">
    <description>Custom description for this test bean</description>
    <constructor-arg>
      <value>aaa</value>
    </constructor-arg>
    <property name="props-prop">
      <props>
        <prop key="key1">value2</prop>
        <prop key="key2">value2</prop>
      </props>
    </property>
    <property name="map-prop">
      <map>
        <entry key="key1">
          <value>value1</value>
        </entry>
      </map>
    </property>
  </bean>
</beans>
