<?xml version="1.0" encoding="UTF-8"?>
<!DOCTYPE deployments PUBLIC
  "-//JBoss Portal//DTD Portlet Instances 2.6//EN"
  "http://www.jboss.org/portal/dtd/portlet-instances_2_6.dtd">
<deployments>

  <deployment>
    <instance>
      <instance-id>ActionPlanProjectionCKPI</instance-id>
      <portlet-ref>ChartKalidgetPortlet</portlet-ref>
      <preferences>
        <preference>
          <name>kalidget_ref</name>
          <value>ActionPlan.ProjectionChart</value>
        </preference>
      </preferences>
    </instance>
  </deployment>

  <deployment>
    <instance>
      <instance-id>ComplexMethodsCKPI</instance-id>
      <portlet-ref>ChartKalidgetPortlet</portlet-ref>
      <preferences>
        <preference>
          <name>kalidget_ref</name>
          <value>ComplexMethodsChart</value>
        </preference>
      </preferences>
    </instance>
  </deployment>

  <deployment>
    <instance>
      <instance-id>DetectionCountByQualityFactorTKPI</instance-id>
      <portlet-ref>TableKalidgetPortlet</portlet-ref>
      <preferences>
        <preference>
          <name>kalidget_ref</name>
          <value>General.DetectionCountByQualityFactorTable</value>
        </preference>
      </preferences>
    </instance>
  </deployment>

  <deployment>
    <instance>
      <instance-id>DetectionCountByQualityFactorCKPI</instance-id>
      <portlet-ref>ChartKalidgetPortlet</portlet-ref>
      <preferences>
        <preference>
          <name>kalidget_ref</name>
          <value>General.DetectionCountByQualityFactorChart</value>
        </preference>
      </preferences>
    </instance>
  </deployment>

  <deployment>
    <instance>
      <instance-id>DuplicationsByRangesCKPI</instance-id>
      <portlet-ref>ChartKalidgetPortlet</portlet-ref>
      <preferences>
        <preference>
          <name>kalidget_ref</name>
          <value>Duplication.DuplicationsByRangesChart</value>
        </preference>
      </preferences>
    </instance>
  </deployment>

  <deployment>
    <instance>
      <instance-id>MethodCountByHeaderDocAndNcssCKPI</instance-id>
      <portlet-ref>ChartKalidgetPortlet</portlet-ref>
      <preferences>
        <preference>
          <name>kalidget_ref</name>
          <value>Documentation.MethodCountByHeaderDocAndNcss</value>
        </preference>
      </preferences>
    </instance>
  </deployment>

  <deployment>
    <instance>
      <instance-id>NcRateByQualityFactorCKPI</instance-id>
      <portlet-ref>ChartKalidgetPortlet</portlet-ref>
      <preferences>
        <preference>
          <name>kalidget_ref</name>
          <value>General.NcRateByQualityFactorChart</value>
        </preference>
      </preferences>
    </instance>
  </deployment>

  <deployment>
    <instance>
      <instance-id>NcRateByQualityFactorEvolutionCKPI</instance-id>
      <portlet-ref>ChartKalidgetPortlet</portlet-ref>
      <preferences>
        <preference>
          <name>kalidget_ref</name>
          <value>General.NcRateByQualityFactorEvolutionChart</value>
        </preference>
      </preferences>
    </instance>
  </deployment>

  <deployment>
    <instance>
      <instance-id>PracticeCountByMixedSeverityCKPI</instance-id>
      <portlet-ref>ChartKalidgetPortlet</portlet-ref>
      <preferences>
        <preference>
          <name>kalidget_ref</name>
          <value>Implementation.PracticeCountByMixedSeverityChart</value>
        </preference>
      </preferences>
    </instance>
  </deployment>

  <deployment>
    <instance>
      <instance-id>PracticeCountForbiddenTKPI</instance-id>
      <portlet-ref>ChartKalidgetPortlet</portlet-ref>
      <preferences>
        <preference>
          <name>kalidget_ref</name>
          <value>Implementation.PracticeCountForSeverity</value>
        </preference>
        <preference>
          <name>kalidget_customParams</name>
          <value>{"violationSeverityRef":"forbidden"}</value>
        </preference>
      </preferences>
    </instance>
  </deployment>

  <deployment>
    <instance>
      <instance-id>PracticeCountDisadvised1TKPI</instance-id>
      <portlet-ref>ChartKalidgetPortlet</portlet-ref>
      <preferences>
        <preference>
          <name>kalidget_ref</name>
          <value>Implementation.PracticeCountForSeverity</value>
        </preference>
        <preference>
          <name>kalidget_customParams</name>
          <value>{"violationSeverityRef":"disadvised1"}</value>
        </preference>
      </preferences>
    </instance>
  </deployment>

  <deployment>
    <instance>
      <instance-id>PracticeCountDisadvised2TKPI</instance-id>
      <portlet-ref>ChartKalidgetPortlet</portlet-ref>
      <preferences>
        <preference>
          <name>kalidget_ref</name>
          <value>Implementation.PracticeCountForSeverity</value>
        </preference>
        <preference>
          <name>kalidget_customParams</name>
          <value>{"violationSeverityRef":"disadvised2"}</value>
        </preference>
      </preferences>
    </instance>
  </deployment>

  <deployment>
    <instance>
      <instance-id>PracticeCountDisadvised3KPI</instance-id>
      <portlet-ref>ChartKalidgetPortlet</portlet-ref>
      <preferences>
        <preference>
          <name>kalidget_ref</name>
          <value>Implementation.PracticeCountForSeverity</value>
        </preference>
        <preference>
          <name>kalidget_customParams</name>
          <value>{"violationSeverityRef":"disadvised3"}</value>
        </preference>
      </preferences>
    </instance>
  </deployment>

  <!-- ========================================================================================= -->
  <!-- Mock -->
  <!-- ========================================================================================= -->
  <deployment>
    <instance>
      <instance-id>MockChartComparisonKalidgetPortletInstance</instance-id>
      <portlet-ref>ChartKalidgetPortlet</portlet-ref>
      <preferences>
        <preference>
          <name>kalidget_ref</name>
          <value>mock-chart-misc</value>
        </preference>
        <preference>
          <name>kalidget_displayMode</name>
          <value>comparison</value>
        </preference>
        <preference>
          <name>kalidget_targetURL</name>
          <value>reports</value>
        </preference>
        <preference>
          <name>kalidget_customParams</name>
          <value>{"paramA":"aa111"}</value>
        </preference>
      </preferences>
    </instance>
  </deployment>

  <deployment>
    <instance>
      <instance-id>MockChartRepartitionKalidgetPortletInstance</instance-id>
      <portlet-ref>ChartKalidgetPortlet</portlet-ref>
      <preferences>
        <preference>
          <name>kalidget_ref</name>
          <value>mock-chart-misc</value>
        </preference>
        <preference>
          <name>kalidget_custom_namePattern</name>
          <value>co</value>
        </preference>
        <preference>
          <name>kalidget_maxRowCount_maximized</name>
          <value>8</value>
        </preference>
        <preference>
          <name>kalidget_displayMode</name>
          <value>repartition</value>
        </preference>
        <preference>
          <name>kalidget_targetURL</name>
          <value>reports/MockChartComparisonKalidgetPortletWindowTest?windowstate=maximized</value>
        </preference>
        <preference>
          <name>kalidget_customParams</name>
          <value>{"paramA":"aaa2","namePattern"="co"}</value>
        </preference>
      </preferences>
    </instance>
  </deployment>

  <deployment>
    <instance>
      <instance-id>MockMiscTableAllKalidgetPortletInstance</instance-id>
      <portlet-ref>TableKalidgetPortlet</portlet-ref>
      <preferences>
        <preference>
          <name>kalidget_ref</name>
          <value>mock-table-misc</value>
        </preference>
        <preference>
          <name>kalidget_maxRowCount_normal</name>
          <value>4</value>
        </preference>
        <preference>
          <name>kalidget_targetURL</name>
          <value>reports</value>
        </preference>
      </preferences>
    </instance>
  </deployment>

  <deployment>
    <instance>
      <instance-id>MockMiscTableFilteredKalidgetPortletInstance</instance-id>
      <portlet-ref>TableKalidgetPortlet</portlet-ref>
      <preferences>
        <preference>
          <name>kalidget_ref</name>
          <value>mock-table-misc</value>
        </preference>
        <preference>
          <name>kalidget_maxRowCount_normal</name>
          <value>12</value>
        </preference>
        <preference>
          <name>kalidget_sortField</name>
          <value>id</value>
        </preference>
        <preference>
          <name>kalidget_sortDir</name>
          <value>desc</value>
        </preference>
        <preference>
          <name>kalidget_targetURL</name>
          <value>test</value>
        </preference>
        <preference>
          <name>kalidget_customParams</name>
          <value>{"namePattern"="ga"}</value>
        </preference>
      </preferences>
    </instance>
  </deployment>

  <deployment>
    <instance>
      <instance-id>MockNumbersTableKalidgetPortletInstance</instance-id>
      <portlet-ref>TableKalidgetPortlet</portlet-ref>
      <preferences>
        <preference>
          <name>kalidget_ref</name>
          <value>mock-table-numbers</value>
        </preference>
      </preferences>
    </instance>
  </deployment>

</deployments>